Start testing: May 16 00:04 MSK
----------------------------------------------------------
1/3 Testing: test1
1/3 Test: test1
Command: "/home/pavel/Pavel172/workspace/projects/RK2-TIMP/build/check"
Directory: /home/pavel/Pavel172/workspace/projects/RK2-TIMP/build
"test1" start time: May 16 00:04 MSK
Output:
----------------------------------------------------------
[==========] Running 3 tests from 1 test suite.
[----------] Global test environment set-up.
[----------] 3 tests from MediatorTest
[ RUN      ] MediatorTest.TestSendMessage
[       OK ] MediatorTest.TestSendMessage (0 ms)
[ RUN      ] MediatorTest.TestMultipleColleagues
[       OK ] MediatorTest.TestMultipleColleagues (0 ms)
[ RUN      ] MediatorTest.SendReceiveMessage
Message 'Sending message' sent by Colleague 1
Message 'Sending message' received by Colleague 2
Message 'Receiving message' sent by Colleague 2
Message 'Receiving message' received by Colleague 1
[       OK ] MediatorTest.SendReceiveMessage (0 ms)
[----------] 3 tests from MediatorTest (0 ms total)

[----------] Global test environment tear-down
[==========] 3 tests from 1 test suite ran. (0 ms total)
[  PASSED  ] 3 tests.
<end of output>
Test time =   0.00 sec
----------------------------------------------------------
Test Passed.
"test1" end time: May 16 00:04 MSK
"test1" time elapsed: 00:00:00
----------------------------------------------------------

2/3 Testing: test2
2/3 Test: test2
Command: "/home/pavel/Pavel172/workspace/projects/RK2-TIMP/build/check"
Directory: /home/pavel/Pavel172/workspace/projects/RK2-TIMP/build
"test2" start time: May 16 00:04 MSK
Output:
----------------------------------------------------------
[==========] Running 3 tests from 1 test suite.
[----------] Global test environment set-up.
[----------] 3 tests from MediatorTest
[ RUN      ] MediatorTest.TestSendMessage
[       OK ] MediatorTest.TestSendMessage (0 ms)
[ RUN      ] MediatorTest.TestMultipleColleagues
[       OK ] MediatorTest.TestMultipleColleagues (0 ms)
[ RUN      ] MediatorTest.SendReceiveMessage
Message 'Sending message' sent by Colleague 1
Message 'Sending message' received by Colleague 2
Message 'Receiving message' sent by Colleague 2
Message 'Receiving message' received by Colleague 1
[       OK ] MediatorTest.SendReceiveMessage (0 ms)
[----------] 3 tests from MediatorTest (0 ms total)

[----------] Global test environment tear-down
[==========] 3 tests from 1 test suite ran. (0 ms total)
[  PASSED  ] 3 tests.
<end of output>
Test time =   0.00 sec
----------------------------------------------------------
Test Passed.
"test2" end time: May 16 00:04 MSK
"test2" time elapsed: 00:00:00
----------------------------------------------------------

3/3 Testing: test3
3/3 Test: test3
Command: "/home/pavel/Pavel172/workspace/projects/RK2-TIMP/build/check"
Directory: /home/pavel/Pavel172/workspace/projects/RK2-TIMP/build
"test3" start time: May 16 00:04 MSK
Output:
----------------------------------------------------------
[==========] Running 3 tests from 1 test suite.
[----------] Global test environment set-up.
[----------] 3 tests from MediatorTest
[ RUN      ] MediatorTest.TestSendMessage
[       OK ] MediatorTest.TestSendMessage (0 ms)
[ RUN      ] MediatorTest.TestMultipleColleagues
[       OK ] MediatorTest.TestMultipleColleagues (0 ms)
[ RUN      ] MediatorTest.SendReceiveMessage
Message 'Sending message' sent by Colleague 1
Message 'Sending message' received by Colleague 2
Message 'Receiving message' sent by Colleague 2
Message 'Receiving message' received by Colleague 1
[       OK ] MediatorTest.SendReceiveMessage (0 ms)
[----------] 3 tests from MediatorTest (0 ms total)

[----------] Global test environment tear-down
[==========] 3 tests from 1 test suite ran. (0 ms total)
[  PASSED  ] 3 tests.
<end of output>
Test time =   0.00 sec
----------------------------------------------------------
Test Passed.
"test3" end time: May 16 00:04 MSK
"test3" time elapsed: 00:00:00
----------------------------------------------------------

End testing: May 16 00:04 MSK
